<?xml version="1.0" encoding="UTF-8"?>
<testsuite name="cauce-v3-fleet-release" tests="15" failures="0" skipped="0" timestamp="2026-08-26T17:57:41.243Z">
  <properties><property name="sourceDigest" value="sha256:7050c6105fcf6e3fac2cece9ce542b14cff657d40deab870403ebcdf2e717c88"/></properties>
  <testcase classname="cauce.fleet-release.claude" name="argos"></testcase>
  <testcase classname="cauce.fleet-release.codex" name="atlas"></testcase>
  <testcase classname="cauce.fleet-release.codex" name="dedalo"></testcase>
  <testcase classname="cauce.fleet-release.openclaw" name="hegel"></testcase>
  <testcase classname="cauce.fleet-release.hermes" name="iza"></testcase>
  <testcase classname="cauce.fleet-release.openclaw" name="janus"></testcase>
  <testcase classname="cauce.fleet-release.openclaw" name="jarvis"></testcase>
  <testcase classname="cauce.fleet-release.codex" name="kant"></testcase>
  <testcase classname="cauce.fleet-release.codex" name="kratos"></testcase>
  <testcase classname="cauce.fleet-release.openclaw" name="midas"></testcase>
  <testcase classname="cauce.fleet-release.codex" name="salva"></testcase>
  <testcase classname="cauce.fleet-release.openclaw" name="seneca"></testcase>
  <testcase classname="cauce.fleet-release.codex" name="socrates"></testcase>
  <testcase classname="cauce.fleet-release.claude" name="vulcano"></testcase>
  <testcase classname="cauce.fleet-release.claude" name="zeus"></testcase>
</testsuite>
